0:100  0:100  MemLog inited, TSC freq: 3192447780
0:100  0:000  CPU was calibrated without ACPI PM Timer: ACPI I/O space is not enabled., use RTC
0:100  0:000  
0:100  0:000  Now is 11.5.2018,  15:1:16 (GMT)
0:100  0:000  Starting Clover revision: 4359 on American Megatrends EFI
0:100  0:000  Build with: [Args: -mc --no-usb -D NO_GRUB_DRIVERS_EMBEDDED -t XCODE8 | -D DISABLE_USB_SUPPORT -D NO_GRUB_DRIVERS_EMBEDDED -D USE_BIOS_BLOCKIO -D USE_LOW_EBDA -a X64 -b RELEASE -t XCODE8 -n 9 | OS: 10.13.2 | XCODE: 9.2]
0:100  0:000  SelfDevicePath=PciRoot(0x0)\Pci(0x17,0x0)\Sata(0x1,0xFFFF,0x0)\HD(1,GPT,F744B136-8BC1-4530-8A32-868158EA1BE7,0x28,0x64000) @89ED2A18
0:100  0:000  SelfDirPath = \EFI\BOOT
0:102  0:002  === [ Get Smbios ] ========================================
0:102  0:000  Type 16 Index = 0
0:102  0:000  Total Memory Slots Count = 4
0:102  0:000  Type 17 Index = 0
0:102  0:000  Ignoring insane frequency value 0MHz
0:102  0:000  SmbiosTable.Type17->Speed = 0MHz
0:102  0:000  SmbiosTable.Type17->Size = 0MB
0:102  0:000  SmbiosTable.Type17->Bank/Device = BANK 0 ChannelA-DIMM0
0:102  0:000  SmbiosTable.Type17->Vendor = <null string>
0:102  0:000  SmbiosTable.Type17->SerialNumber = <null string>
0:102  0:000  SmbiosTable.Type17->PartNumber = <null string>
0:102  0:000  Type 17 Index = 1
0:102  0:000  SmbiosTable.Type17->Speed = 2667MHz
0:102  0:000  SmbiosTable.Type17->Size = 8192MB
0:102  0:000  SmbiosTable.Type17->Bank/Device = BANK 1 ChannelA-DIMM1
0:102  0:000  SmbiosTable.Type17->Vendor = 859B
0:102  0:000  SmbiosTable.Type17->SerialNumber = 52501343
0:102  0:000  SmbiosTable.Type17->PartNumber = BLS8G4D240FSB.16FBD 
0:102  0:000  Type 17 Index = 2
0:102  0:000  Ignoring insane frequency value 0MHz
0:102  0:000  SmbiosTable.Type17->Speed = 0MHz
0:102  0:000  SmbiosTable.Type17->Size = 0MB
0:102  0:000  SmbiosTable.Type17->Bank/Device = BANK 2 ChannelB-DIMM0
0:102  0:000  SmbiosTable.Type17->Vendor = <null string>
0:102  0:000  SmbiosTable.Type17->SerialNumber = <null string>
0:102  0:000  SmbiosTable.Type17->PartNumber = <null string>
0:102  0:000  Type 17 Index = 3
0:102  0:000  SmbiosTable.Type17->Speed = 2667MHz
0:102  0:000  SmbiosTable.Type17->Size = 8192MB
0:102  0:000  SmbiosTable.Type17->Bank/Device = BANK 3 ChannelB-DIMM1
0:102  0:000  SmbiosTable.Type17->Vendor = Kingston
0:102  0:000  SmbiosTable.Type17->SerialNumber = 943E3AE4
0:102  0:000  SmbiosTable.Type17->PartNumber = KHX2133C14D4/8G     
0:102  0:000  Boot status=0
0:102  0:000  Running on: 'MS-7B22' with board 'B360 GAMING PLUS (MS-7B22)'
0:102  0:000  === [ GetCPUProperties ] ==================================
0:102  0:000  CPU Vendor = 756E6547 Model=906EA
0:102  0:000   The CPU supported SSE4.1
0:102  0:000  BrandString = Intel(R) Core(TM) i7-8700 CPU @ 3.20GHz
0:102  0:000   The CPU supported turbo
0:102  0:000  MSR 0x35               6000C
0:102  0:000   TSC/CCC Information Leaf:
0:102  0:000    numerator     : 266
0:102  0:000    denominator   : 2
0:102  0:000   Calibrated ARTFrequency: 24003366
0:102  0:000  MSR 0xE2 before patch 1E008000
0:102  0:000  MSR 0xE2 is locked, PM patches will be turned on
0:102  0:000  MSR 0xCE              08080838_F1012000
0:102  0:000  corrected FLEX_RATIO = 0
0:102  0:000  FSBFrequency = 100 MHz, DMI FSBFrequency = 100 MHz, Corrected FSBFrequency = 100 MHz
0:102  0:000  MaxDiv/MinDiv: 32.0/8
0:102  0:000  Turbo: 43/44/45/46
0:102  0:000  Features: 0xBFEBFBFF
0:102  0:000  Threads: 12
0:102  0:000  Cores: 6
0:102  0:000  FSB: 100 MHz
0:102  0:000  CPU: 3200 MHz
0:102  0:000  TSC: 3200 MHz
0:102  0:000  PIS: 100 MHz
0:102  0:000  ExternalClock: 25 MHz
0:102  0:000  === [ GetDevices ] ========================================
0:102  0:000  PCI (00|00:00.00) : 8086 3EC2 class=060000
0:102  0:000  PCI (00|00:01.00) : 8086 1901 class=060400
0:102  0:000  PCI (00|01:00.00) : 10DE 1B81 class=030000
0:102  0:000   - GFX: Model=MSI GeForce GTX 1070 family 134 (Nvidia)
0:102  0:000  PCI (00|01:00.01) : 10DE 10F0 class=040300
0:102  0:000   - HDMI Audio: 
0:102  0:000  PCI (00|00:08.00) : 8086 1911 class=088000
0:103  0:000  PCI (00|00:12.00) : 8086 A379 class=118000
0:103  0:000  PCI (00|00:14.00) : 8086 A36D class=0C0330
0:103  0:000  PCI (00|00:14.02) : 8086 A36F class=050000
0:103  0:000  PCI (00|00:16.00) : 8086 A360 class=078000
0:103  0:000  PCI (00|00:17.00) : 8086 A352 class=010601
0:103  0:000  PCI (00|00:1F.00) : 8086 A308 class=060100
0:103  0:000  PCI (00|00:1F.03) : 8086 A348 class=040300
0:103  0:000  PCI (00|00:1F.04) : 8086 A323 class=0C0500
0:103  0:000  PCI (00|00:1F.05) : 8086 A324 class=0C8000
0:103  0:000  PCI (00|00:1F.06) : 8086 15BC class=020000
0:103  0:000   - LAN: 0 Vendor=Intel
0:103  0:000  === [ GetDefaultSettings ] ================================
0:103  0:000  Clover load options size = 0 bytes
0:110  0:006  EFI\CLOVER\config.plist loaded: Success
0:110  0:000  === [ GetListOfThemes ] ===================================
0:111  0:001  - [00]: tonymacx86
0:116  0:005  - [01]: random
0:119  0:002  - [01]: embedded
0:122  0:003  - [01]: YosemiteLogin
0:125  0:003  - [02]: MavsStyle
0:128  0:003  === [ Found config plists ] ===============================
0:129  0:001  - config.plist
0:131  0:001  === [ GetEarlyUserSettings ] ==============================
0:131  0:000  timeout set to 2
0:131  0:000  Custom boot CUSTOM_BOOT_THEME (0x0)
0:143  0:011  FakeCPUID: 906E9
0:151  0:008  KextsToPatch: 7 requested
0:159  0:008   - [00]: AppleAHCIPort (External icons patch) :: BinPatch :: data len: 8
0:192  0:032   - [01]: com.apple.driver.usb.AppleUSBXHCIPCI (change 15 port limit to 26 in 10.13 XHCI kext) :: MatchOS: 10.13.x :: BinPatch :: data len: 4
0:233  0:041   - [02]: AppleHDA (10.12-AppleHDA/Realtek ALC...) :: BinPatch :: data len: 4
0:268  0:034   - [03]: AppleHDA (10.9-10.12-AppleHDA/Realtek ALC892) :: BinPatch :: data len: 4
0:300  0:032   - [04]: AppleHDA (AppleHDA/Resources/xml>zml) :: BinPatch :: data len: 6
0:333  0:032   - [05]: AppleHDAController (200_Series-X299_ Audio_Controller) :: BinPatch :: data len: 3
0:365  0:032   - [06]: com.apple.iokit.IOAHCIBlockStorage (Enable TRIM for SSD) :: BinPatch :: data len: 11
0:397  0:032   - patch disabled at config
0:405  0:008  Default theme: MavsStyle
0:414  0:008  Hiding entries with string BOOTX64.EFI
0:424  0:010  Hiding entries with string FileVault
0:432  0:008  Hiding entries with string Recovery
0:441  0:008  Hiding entries with string System Reserved
0:449  0:008  Hiding entries with string Preboot
0:458  0:009  Hiding entries with string Windows NAS
0:466  0:008  === [ LoadDrivers ] =======================================
0:802  0:335  Loading EmuVariableUefi-64.efi  status=Success
0:832  0:030  EmuVariableUefi Initialize: VariableCommonInitialize = Success, orig services stored, install gEmuVariableControlProtocolGuid = Success
0:867  0:035  Loading AppleImageCodec-64.efi  status=Success
0:895  0:028  Loading AppleUITheme-64.efi  status=Success
0:922  0:026  Loading DataHubDxe-64.efi  status=Success
0:951  0:028  Loading AppleKeyAggregator-64.efi  status=Success
0:978  0:026  Loading VBoxHfs-64.efi  status=Success
1:006  0:028   - driver needs connecting
1:014  0:008  Loading FSInject-64.efi  status=Success
1:041  0:027  Loading FirmwareVolume-64.efi  status=Success
1:071  0:029  Loading SMCHelper-64.efi  status=Success
1:098  0:027  Loading apfs.efi  status=Success
1:129  0:030   - driver needs connecting
1:137  0:008  Loading OsxAptioFix2Drv-free2000.efi  status=Success
1:165  0:028  Loading NTFS-64.efi  status=Success
1:195  0:029   - driver needs connecting
1:204  0:008  3 drivers needs connecting ...
1:212  0:008  PlatformDriverOverrideProtocol->GetDriver overriden
1:220  0:008  APFS driver loaded
1:228  0:008  Searching for invalid DiskIo BY_DRIVER connects: not found, all ok
1:638  0:409  EmuVariable InstallEmulation: orig vars copied, emu.var.services installed, CreateEvent VirtualAddressChange = Success, CreateEvent ExitBootServices = Success, set Status=Success
1:719  0:081  === [ InitScreen ] ========================================
2:099  0:380  SetScreenResolution: 1920x1080 - setting Mode 4
2:395  0:295  Video mode change to mode #4: Success
2:402  0:007  Console modes reported: 4, available modes:
2:409  0:007   - [01]: 80x25
2:420  0:010   - [02]: 80x50
2:428  0:007   - [03]: 100x31
2:435  0:007   - [04]: 128x40 (current mode)
2:443  0:007  reinit: self device path=PciRoot(0x0)\Pci(0x17,0x0)\Sata(0x1,0xFFFF,0x0)\HD(1,GPT,F744B136-8BC1-4530-8A32-868158EA1BE7,0x28,0x64000)
2:452  0:009  Using embedded font: Success
2:460  0:008  === [ GetMacAddress ] =====================================
2:751  0:291   get legacy LAN MAC, 1 card found
2:759  0:007  Legacy MAC address of LAN #0= FF:FF:FF:FF:FF:FF:
2:818  0:058  === [ ScanSPD ] ===========================================
3:156  0:338  SMBus device : 8086 A323 class=0C0500 status=Success
3:163  0:007  SMBus CmdReg: 0x3
3:171  0:007  Scanning SMBus [8086:A323], mmio: 0xA3238004, ioport: 0xEFA0, hostc: 0x1
3:178  0:007  Slots to scan [8]...
3:186  0:007  SPD[1]: Got invalid type 0 @0x51. Will set page and retry.
3:194  0:007  SPD[1]: Type 12 @0x51
3:220  0:025  XMP Profile1: 7*125 -42 ns
3:227  0:007  Found module with XMP version 2.0
3:235  0:007  DDR speed 2400MHz
3:245  0:010  Slot: 1 Type 26 8192MB 2400MHz Vendor=Crucial Technology PartNo=BLS8G4D240FSB.16FBD SerialNo=0502050001030403
3:254  0:008  SPD[3]: Type 12 @0x53
3:279  0:025  XMP Profile1: 8*125 -63 ns
3:287  0:007  Found module with XMP version 2.0
3:294  0:007  DDR speed 2134MHz
3:302  0:007  Slot: 3 Type 26 8192MB 2134MHz Vendor=Kingston PartNo=KHX2133C14D48G SerialNo=0904030E030A0E04
3:310  0:008  === [ GetAcpiTablesList ] =================================
3:571  0:260  Get Acpi Tables List from RSDT:
3:589  0:018   - [00]: FACP  A M I  len=132
3:596  0:007   - [01]: APIC  A M I  len=244
3:604  0:007   - [02]: FPDT  A M I  len=68
3:611  0:007   - [03]: FIDT  A M I len=156
3:618  0:007   - [04]: MCFG  A M I  len=60
3:626  0:007   - [05]: SSDT  SataTabl len=888
3:633  0:007   - [06]: SSDT  CpuSsdt len=6101
3:641  0:007   - [07]: SSDT  SaSsdt  len=12743
3:648  0:007   - [08]: SSDT  PegSsdt len=8104
3:655  0:007   - [09]: HPET  A M I  len=56
3:663  0:007   - [10]: SSDT  Ther_Rvp len=3998
3:674  0:011   - [11]: SSDT  xh_cfsd4 len=10576
3:682  0:007   - [12]: UEFI  A M I  len=72
3:689  0:007   - [13]: LPIT  A M I  len=92
3:696  0:007   - [14]: SSDT  PtidDevc len=10206
3:704  0:007   - [15]: SSDT  TbtTypeC len=4094
3:711  0:007   - [16]: DBGP  A M I  len=52
3:719  0:007   - [17]: DBG2  A M I  len=84
3:726  0:007   - [18]: SSDT  UsbCTabl len=6449
3:733  0:007   - [19]: BGRT  A M I  len=56
3:741  0:007   - [20]: WSMT  A M I  len=40
3:748  0:007  Calibrated TSC Frequency = 3192447780 = 3192MHz
3:758  0:010  === [ GetUserSettings ] ===================================
4:033  0:274  USB FixOwnership: yes
4:041  0:007  Dropping 1 tables:
4:048  0:007   - [00]: Drop table  signature="MATS" (5354414D)
4:108  0:059           - set table: 5354414D,                0 to drop: no
4:123  0:014   - final DSDT Fix mask=00102004
4:130  0:007  PatchesDSDT: 3 requested
4:138  0:007   - [00]: (change EHC1 to EH01) lenToFind: 4, lenToReplace: 4, Target Bridge: <null string>
4:175  0:036   - [01]: (change EHC2 to EH02) lenToFind: 4, lenToReplace: 4, Target Bridge: <null string>
4:215  0:040   - [02]: (change GFX0 to IGPU) lenToFind: 4, lenToReplace: 4, Target Bridge: <null string>
4:252  0:036  Using ProductName from config
4:259  0:007  ProductName: iMac18,3
4:267  0:007  Found same BiosVersion in clover and config
4:274  0:007  BiosVersion: IM183.88Z.0151.B00.1708080034
4:282  0:007  BiosReleaseDate: 08/08/2017
4:289  0:007  Using FirmwareFeatures from clover
4:296  0:007  FirmwareFeatures: 0xFC0FE136
4:307  0:010  Using FirmwareFeaturesMask from clover
4:315  0:007  FirmwareFeaturesMask: 0xFF1FFF3F
4:322  0:007  Using PlatformFeature from clover
4:330  0:007  PlatformFeature: 0x0
4:337  0:007  CpuFreq: 4600MHz
4:344  0:007  Converted CustomUUID E77C60DD-2BED-58FC-97A2-08D707312DAB
4:489  0:144  === [ ScanVolumes ] =======================================
4:795  0:306  Found 17 volumes with blockIO
4:803  0:007  - [00]: Volume: PciRoot(0x0)\Pci(0x14,0x0)\USB(0x4,0x0)
4:819  0:016          USB volume
4:830  0:010  - [01]: Volume: PciRoot(0x0)\Pci(0x14,0x0)\USB(0x4,0x0)\HD(1,GPT,61B8E1A0-FF69-48D4-9151-8DCE006F149A,0x28,0x64000)
4:846  0:016          Result of bootcode detection: bootable unknown (legacy)
4:853  0:007          USB volume
4:864  0:010  - [02]: Volume: PciRoot(0x0)\Pci(0x14,0x0)\USB(0x4,0x0)\HD(2,GPT,303DAC23-47DE-4729-B0B8-1BF2C1C2595C,0x64028,0x3AFBFB0)
4:880  0:015          USB volume
4:887  0:007  - [03]: Volume: PciRoot(0x0)\Pci(0x17,0x0)\Sata(0x1,0xFFFF,0x0)
4:906  0:018  - [04]: Volume: PciRoot(0x0)\Pci(0x17,0x0)\Sata(0x3,0xFFFF,0x0)
4:922  0:015          Result of bootcode detection: bootable unknown (legacy)
4:929  0:007  - [05]: Volume: PciRoot(0x0)\Pci(0x17,0x0)\Sata(0x5,0xFFFF,0x0)
4:945  0:016          Result of bootcode detection: bootable unknown (legacy)
4:953  0:007  - [06]: Volume: PciRoot(0x0)\Pci(0x17,0x0)\Sata(0x1,0xFFFF,0x0)\HD(1,GPT,F744B136-8BC1-4530-8A32-868158EA1BE7,0x28,0x64000)
4:968  0:015          Result of bootcode detection: bootable unknown (legacy)
4:979  0:011          This is SelfVolume !!
4:987  0:007  - [07]: Volume: PciRoot(0x0)\Pci(0x17,0x0)\Sata(0x1,0xFFFF,0x0)\HD(2,GPT,461FC3BD-E759-4606-956D-9C904052458E,0x64028,0x37DDF660)
5:002  0:015          Result of bootcode detection: bootable unknown (legacy)
5:010  0:007  - [08]: Volume: PciRoot(0x0)\Pci(0x17,0x0)\Sata(0x3,0xFFFF,0x0)\HD(1,GPT,A62CAFB7-E857-4143-BC0B-FBF116DD6278,0x40800,0x1105A7000)
5:025  0:015          Result of bootcode detection: bootable Windows (vista,win)
5:054  0:028          hiding this volume
5:062  0:007  - [09]: Volume: PciRoot(0x0)\Pci(0x17,0x0)\Sata(0x3,0xFFFF,0x0)\HD(2,GPT,75C536B2-D112-481A-9A27-BE206F4DBDC5,0x1105E7800,0x135CE5800)
5:077  0:015  - [10]: Volume: PciRoot(0x0)\Pci(0x17,0x0)\Sata(0x5,0xFFFF,0x0)\HD(1,MBR,0xFD2D81AA,0x800,0x32000)
5:093  0:016          Result of bootcode detection: bootable Windows (vista,win)
5:103  0:009          hiding this volume
5:110  0:007  - [11]: Volume: PciRoot(0x0)\Pci(0x17,0x0)\Sata(0x5,0xFFFF,0x0)\HD(2,MBR,0xFD2D81AA,0x32800,0xDE80800)
5:128  0:018          Result of bootcode detection: bootable Windows (vista,win)
5:138  0:010  - [12]: Volume: PciRoot(0x0)\Pci(0x17,0x0)\Sata(0x5,0xFFFF,0x0)\HD(3,MBR,0xFD2D81AA,0xDEB3000,0xE1000)
5:154  0:015          Result of bootcode detection: bootable Windows (vista,win)
5:163  0:009  - [13]: Volume: PciRoot(0x0)\Pci(0x17,0x0)\Sata(0x1,0xFFFF,0x0)\HD(2,GPT,461FC3BD-E759-4606-956D-9C904052458E,0x64028,0x37DDF660)\VenMedia(BE74FCF7-0B7C-49F3-9147-01F4042E6842,76ED88B55122F44FAF99C34C56FF9DDE)
5:181  0:017          hiding this volume
5:189  0:007  - [14]: Volume: PciRoot(0x0)\Pci(0x17,0x0)\Sata(0x1,0xFFFF,0x0)\HD(2,GPT,461FC3BD-E759-4606-956D-9C904052458E,0x64028,0x37DDF660)\VenMedia(BE74FCF7-0B7C-49F3-9147-01F4042E6842,417BC2570D668340A00739E8B796EDFA)
5:204  0:014  - [15]: Volume: PciRoot(0x0)\Pci(0x17,0x0)\Sata(0x1,0xFFFF,0x0)\HD(2,GPT,461FC3BD-E759-4606-956D-9C904052458E,0x64028,0x37DDF660)\VenMedia(BE74FCF7-0B7C-49F3-9147-01F4042E6842,384E2131DD48F4468CC2C84CA58BF2FD)
5:221  0:017          hiding this volume
5:229  0:007  - [16]: Volume: PciRoot(0x0)\Pci(0x17,0x0)\Sata(0x1,0xFFFF,0x0)\HD(2,GPT,461FC3BD-E759-4606-956D-9C904052458E,0x64028,0x37DDF660)\VenMedia(BE74FCF7-0B7C-49F3-9147-01F4042E6842,E0FC1A31D9CC8048B2A43D033A96A512)
5:297  0:068  PutNvramPlistToRtVars: nvram.plist not found
5:305  0:007  === [ InitTheme ] =========================================
5:628  0:323  Using theme 'MavsStyle' (EFI\CLOVER\themes\MavsStyle)
5:636  0:007  OS main and drive as badge
5:650  0:013  Loading font from ThemeDir: Success
5:658  0:008  Choosing theme MavsStyle
5:665  0:007  after NVRAM boot-args=busratio=32 npci=0x2000 dart=0 UseKernelCache=No darkwake=8
5:672  0:007  === [ Dump SMC keys from NVRAM ] ==========================
5:880  0:207  found AppleSMC protocol
5:889  0:008  Registered 16 SMC keys
5:896  0:007  === [ AddCustomEntries ] ==================================
6:163  0:267  Custom entry 0 Title:"Windows 10" Path:"\EFI\Microsoft\Boot\bootmgfw.efi" Options:"-s -h" Type:7 Flags:0x0 matching Volume:"EB149B62-A5A0-45D8-BE9A-25D8A15A74AE"
6:210  0:046      Checking volume "EFI" (PciRoot(0x0)\Pci(0x14,0x0)\USB(0x4,0x0)\HD(1,GPT,61B8E1A0-FF69-48D4-9151-8DCE006F149A,0x28,0x64000)) ... skipped because media is ignored
6:225  0:014      Checking volume "Install macOS High Sierra" (PciRoot(0x0)\Pci(0x14,0x0)\USB(0x4,0x0)\HD(2,GPT,303DAC23-47DE-4729-B0B8-1BF2C1C2595C,0x64028,0x3AFBFB0)) ... skipped because media is ignored
6:240  0:014      Checking volume "EFI" (PciRoot(0x0)\Pci(0x17,0x0)\Sata(0x1,0xFFFF,0x0)\HD(1,GPT,F744B136-8BC1-4530-8A32-868158EA1BE7,0x28,0x64000)) ... skipped
6:258  0:018      Checking volume "Windows NAS" (PciRoot(0x0)\Pci(0x17,0x0)\Sata(0x3,0xFFFF,0x0)\HD(1,GPT,A62CAFB7-E857-4143-BC0B-FBF116DD6278,0x40800,0x1105A7000)) ... skipped because volume is hidden
6:273  0:014      Checking volume "iMac NAS" (PciRoot(0x0)\Pci(0x17,0x0)\Sata(0x3,0xFFFF,0x0)\HD(2,GPT,75C536B2-D112-481A-9A27-BE206F4DBDC5,0x1105E7800,0x135CE5800)) ... skipped
6:290  0:017      Checking volume "System Reserved" (PciRoot(0x0)\Pci(0x17,0x0)\Sata(0x5,0xFFFF,0x0)\HD(1,MBR,0xFD2D81AA,0x800,0x32000)) ... skipped because volume is hidden
6:305  0:014      Checking volume "Windows 10" (PciRoot(0x0)\Pci(0x17,0x0)\Sata(0x5,0xFFFF,0x0)\HD(2,MBR,0xFD2D81AA,0x32800,0xDE80800)) ... skipped
6:320  0:014      Checking volume "" (PciRoot(0x0)\Pci(0x17,0x0)\Sata(0x5,0xFFFF,0x0)\HD(3,MBR,0xFD2D81AA,0xDEB3000,0xE1000)) ... skipped
6:335  0:014      Checking volume "Preboot" (PciRoot(0x0)\Pci(0x17,0x0)\Sata(0x1,0xFFFF,0x0)\HD(2,GPT,461FC3BD-E759-4606-956D-9C904052458E,0x64028,0x37DDF660)\VenMedia(BE74FCF7-0B7C-49F3-9147-01F4042E6842,76ED88B55122F44FAF99C34C56FF9DDE)) ... skipped because volume is hidden
6:353  0:018      Checking volume "macOS" (PciRoot(0x0)\Pci(0x17,0x0)\Sata(0x1,0xFFFF,0x0)\HD(2,GPT,461FC3BD-E759-4606-956D-9C904052458E,0x64028,0x37DDF660)\VenMedia(BE74FCF7-0B7C-49F3-9147-01F4042E6842,417BC2570D668340A00739E8B796EDFA)) ... skipped
6:367  0:014      Checking volume "Recovery" (PciRoot(0x0)\Pci(0x17,0x0)\Sata(0x1,0xFFFF,0x0)\HD(2,GPT,461FC3BD-E759-4606-956D-9C904052458E,0x64028,0x37DDF660)\VenMedia(BE74FCF7-0B7C-49F3-9147-01F4042E6842,384E2131DD48F4468CC2C84CA58BF2FD)) ... skipped because volume is hidden
6:385  0:017      Checking volume "VM" (PciRoot(0x0)\Pci(0x17,0x0)\Sata(0x1,0xFFFF,0x0)\HD(2,GPT,461FC3BD-E759-4606-956D-9C904052458E,0x64028,0x37DDF660)\VenMedia(BE74FCF7-0B7C-49F3-9147-01F4042E6842,E0FC1A31D9CC8048B2A43D033A96A512)) ... skipped
6:400  0:014  Custom entry 1 Title:"macOS" Path:"\System\Library\CoreServices\boot.efi" Type:1 Flags:0xA matching Volume:"57C27B41-660D-4083-A007-39E8B796EDFA"
6:440  0:040      Checking volume "EFI" (PciRoot(0x0)\Pci(0x14,0x0)\USB(0x4,0x0)\HD(1,GPT,61B8E1A0-FF69-48D4-9151-8DCE006F149A,0x28,0x64000)) ... skipped because media is ignored
6:455  0:014      Checking volume "Install macOS High Sierra" (PciRoot(0x0)\Pci(0x14,0x0)\USB(0x4,0x0)\HD(2,GPT,303DAC23-47DE-4729-B0B8-1BF2C1C2595C,0x64028,0x3AFBFB0)) ... skipped because media is ignored
6:472  0:017      Checking volume "EFI" (PciRoot(0x0)\Pci(0x17,0x0)\Sata(0x1,0xFFFF,0x0)\HD(1,GPT,F744B136-8BC1-4530-8A32-868158EA1BE7,0x28,0x64000)) ... skipped
6:487  0:014      Checking volume "Windows NAS" (PciRoot(0x0)\Pci(0x17,0x0)\Sata(0x3,0xFFFF,0x0)\HD(1,GPT,A62CAFB7-E857-4143-BC0B-FBF116DD6278,0x40800,0x1105A7000)) ... skipped because volume is hidden
6:502  0:014      Checking volume "iMac NAS" (PciRoot(0x0)\Pci(0x17,0x0)\Sata(0x3,0xFFFF,0x0)\HD(2,GPT,75C536B2-D112-481A-9A27-BE206F4DBDC5,0x1105E7800,0x135CE5800)) ... skipped
6:520  0:018      Checking volume "System Reserved" (PciRoot(0x0)\Pci(0x17,0x0)\Sata(0x5,0xFFFF,0x0)\HD(1,MBR,0xFD2D81AA,0x800,0x32000)) ... skipped because volume is hidden
6:535  0:014      Checking volume "Windows 10" (PciRoot(0x0)\Pci(0x17,0x0)\Sata(0x5,0xFFFF,0x0)\HD(2,MBR,0xFD2D81AA,0x32800,0xDE80800)) ... skipped
6:550  0:014      Checking volume "" (PciRoot(0x0)\Pci(0x17,0x0)\Sata(0x5,0xFFFF,0x0)\HD(3,MBR,0xFD2D81AA,0xDEB3000,0xE1000)) ... skipped
6:568  0:017      Checking volume "Preboot" (PciRoot(0x0)\Pci(0x17,0x0)\Sata(0x1,0xFFFF,0x0)\HD(2,GPT,461FC3BD-E759-4606-956D-9C904052458E,0x64028,0x37DDF660)\VenMedia(BE74FCF7-0B7C-49F3-9147-01F4042E6842,76ED88B55122F44FAF99C34C56FF9DDE)) ... skipped because volume is hidden
6:582  0:014      Checking volume "macOS" (PciRoot(0x0)\Pci(0x17,0x0)\Sata(0x1,0xFFFF,0x0)\HD(2,GPT,461FC3BD-E759-4606-956D-9C904052458E,0x64028,0x37DDF660)\VenMedia(BE74FCF7-0B7C-49F3-9147-01F4042E6842,417BC2570D668340A00739E8B796EDFA)) ... skipped
6:600  0:017      Checking volume "Recovery" (PciRoot(0x0)\Pci(0x17,0x0)\Sata(0x1,0xFFFF,0x0)\HD(2,GPT,461FC3BD-E759-4606-956D-9C904052458E,0x64028,0x37DDF660)\VenMedia(BE74FCF7-0B7C-49F3-9147-01F4042E6842,384E2131DD48F4468CC2C84CA58BF2FD)) ... skipped because volume is hidden
6:614  0:014      Checking volume "VM" (PciRoot(0x0)\Pci(0x17,0x0)\Sata(0x1,0xFFFF,0x0)\HD(2,GPT,461FC3BD-E759-4606-956D-9C904052458E,0x64028,0x37DDF660)\VenMedia(BE74FCF7-0B7C-49F3-9147-01F4042E6842,E0FC1A31D9CC8048B2A43D033A96A512)) ... skipped
6:632  0:017  === [ ScanLoader ] ========================================
6:978  0:345  - [01]: 'EFI'
7:031  0:053  - [02]: 'Install macOS High Sierra'
7:065  0:034  - [06]: 'EFI'
7:118  0:053  - [08]: 'Windows NAS', hidden
7:133  0:014  - [09]: 'iMac NAS'
7:167  0:034  - [10]: 'System Reserved', hidden
7:182  0:014  - [11]: 'Windows 10'
7:216  0:034  - [12]: ''
7:250  0:034  - [13]: 'Preboot', hidden
7:265  0:014  - [14]: 'macOS'
7:327  0:062          AddLoaderEntry for Volume Name=macOS
7:356  0:029      hibernated: set as never
7:367  0:010          [!] Icon 17 (icons\vol_internal_hfs.icns) not found (path: EFI\CLOVER\themes\MavsStyle)
7:418  0:051  - [15]: 'Recovery', hidden
7:433  0:014  - [16]: 'VM'
7:467  0:034  Scanning legacy ...
7:475  0:007   8: 'Windows NAS' (vista,win) hidden
7:490  0:015  10: 'System Reserved' (vista,win) hidden
7:505  0:014  11: 'Windows 10' (vista,win) add legacy
7:525  0:020   added 'Boot Windows from Windows 10' OSType=2 Icon=vista,win
7:536  0:010  12: '' (vista,win) add legacy
7:553  0:016   added 'Boot Windows from ' OSType=2 Icon=vista,win
7:560  0:007  === [ AddCustomTool ] =====================================
7:857  0:296  EmuVariable InstallEmulation: EFI_ALREADY_STARTED
7:872  0:014  === [ GetEfiBootDeviceFromNvram ] =========================
8:072  0:200   - found entry 0. 'Boot macOS from macOS', Volume 'macOS', DevicePath 'PciRoot(0x0)\Pci(0x17,0x0)\Sata(0x1,0xFFFF,0x0)\HD(2,GPT,461FC3BD-E759-4606-956D-9C904052458E,0x64028,0x37DDF660)\VenMedia(BE74FCF7-0B7C-49F3-9147-01F4042E6842,417BC2570D668340A00739E8B796EDFA)\System\Library\CoreServices\boot.efii'
8:085  0:012  EmuVariable UninstallEmulation: CloseEvent = Success, original var services restored
8:103  0:018  DefaultIndex=0 and MainMenu.EntryCount=7
8:493  0:389  GUI ready
41:486  32:992  ReinitSelfLib after theme change
41:492  0:006  reinit: self device path=PciRoot(0x0)\Pci(0x17,0x0)\Sata(0x1,0xFFFF,0x0)\HD(1,GPT,F744B136-8BC1-4530-8A32-868158EA1BE7,0x28,0x64000)
41:503  0:011  === [ ScanVolumes ] =======================================
41:776  0:272  Found 17 volumes with blockIO
41:783  0:006  - [00]: Volume: PciRoot(0x0)\Pci(0x14,0x0)\USB(0x4,0x0)
41:796  0:013          USB volume
41:803  0:006  - [01]: Volume: PciRoot(0x0)\Pci(0x14,0x0)\USB(0x4,0x0)\HD(1,GPT,61B8E1A0-FF69-48D4-9151-8DCE006F149A,0x28,0x64000)
41:817  0:013          Result of bootcode detection: bootable unknown (legacy)
41:823  0:006          USB volume
41:830  0:006  - [02]: Volume: PciRoot(0x0)\Pci(0x14,0x0)\USB(0x4,0x0)\HD(2,GPT,303DAC23-47DE-4729-B0B8-1BF2C1C2595C,0x64028,0x3AFBFB0)
41:847  0:016          USB volume
41:853  0:006  - [03]: Volume: PciRoot(0x0)\Pci(0x17,0x0)\Sata(0x1,0xFFFF,0x0)
41:867  0:013  - [04]: Volume: PciRoot(0x0)\Pci(0x17,0x0)\Sata(0x3,0xFFFF,0x0)
41:880  0:013          Result of bootcode detection: bootable unknown (legacy)
41:887  0:006  - [05]: Volume: PciRoot(0x0)\Pci(0x17,0x0)\Sata(0x5,0xFFFF,0x0)
41:903  0:015          Result of bootcode detection: bootable unknown (legacy)
41:912  0:009  - [06]: Volume: PciRoot(0x0)\Pci(0x17,0x0)\Sata(0x1,0xFFFF,0x0)\HD(1,GPT,F744B136-8BC1-4530-8A32-868158EA1BE7,0x28,0x64000)
41:926  0:013          Result of bootcode detection: bootable unknown (legacy)
41:934  0:007          This is SelfVolume !!
41:940  0:006  - [07]: Volume: PciRoot(0x0)\Pci(0x17,0x0)\Sata(0x1,0xFFFF,0x0)\HD(2,GPT,461FC3BD-E759-4606-956D-9C904052458E,0x64028,0x37DDF660)
41:954  0:013          Result of bootcode detection: bootable unknown (legacy)
41:963  0:009  - [08]: Volume: PciRoot(0x0)\Pci(0x17,0x0)\Sata(0x3,0xFFFF,0x0)\HD(1,GPT,A62CAFB7-E857-4143-BC0B-FBF116DD6278,0x40800,0x1105A7000)
41:977  0:013          Result of bootcode detection: bootable Windows (vista,win)
41:983  0:006  - [09]: Volume: PciRoot(0x0)\Pci(0x17,0x0)\Sata(0x3,0xFFFF,0x0)\HD(2,GPT,75C536B2-D112-481A-9A27-BE206F4DBDC5,0x1105E7800,0x135CE5800)
41:997  0:014  - [10]: Volume: PciRoot(0x0)\Pci(0x17,0x0)\Sata(0x5,0xFFFF,0x0)\HD(1,MBR,0xFD2D81AA,0x800,0x32000)
42:016  0:018          Result of bootcode detection: bootable Windows (vista,win)
42:023  0:007  - [11]: Volume: PciRoot(0x0)\Pci(0x17,0x0)\Sata(0x5,0xFFFF,0x0)\HD(2,MBR,0xFD2D81AA,0x32800,0xDE80800)
42:036  0:013          Result of bootcode detection: bootable Windows (vista,win)
42:043  0:006  - [12]: Volume: PciRoot(0x0)\Pci(0x17,0x0)\Sata(0x5,0xFFFF,0x0)\HD(3,MBR,0xFD2D81AA,0xDEB3000,0xE1000)
42:057  0:014          Result of bootcode detection: bootable Windows (vista,win)
42:064  0:006  - [13]: Volume: PciRoot(0x0)\Pci(0x17,0x0)\Sata(0x1,0xFFFF,0x0)\HD(2,GPT,461FC3BD-E759-4606-956D-9C904052458E,0x64028,0x37DDF660)\VenMedia(BE74FCF7-0B7C-49F3-9147-01F4042E6842,76ED88B55122F44FAF99C34C56FF9DDE)
42:079  0:015  - [14]: Volume: PciRoot(0x0)\Pci(0x17,0x0)\Sata(0x1,0xFFFF,0x0)\HD(2,GPT,461FC3BD-E759-4606-956D-9C904052458E,0x64028,0x37DDF660)\VenMedia(BE74FCF7-0B7C-49F3-9147-01F4042E6842,417BC2570D668340A00739E8B796EDFA)
42:093  0:013  - [15]: Volume: PciRoot(0x0)\Pci(0x17,0x0)\Sata(0x1,0xFFFF,0x0)\HD(2,GPT,461FC3BD-E759-4606-956D-9C904052458E,0x64028,0x37DDF660)\VenMedia(BE74FCF7-0B7C-49F3-9147-01F4042E6842,384E2131DD48F4468CC2C84CA58BF2FD)
42:109  0:015  - [16]: Volume: PciRoot(0x0)\Pci(0x17,0x0)\Sata(0x1,0xFFFF,0x0)\HD(2,GPT,461FC3BD-E759-4606-956D-9C904052458E,0x64028,0x37DDF660)\VenMedia(BE74FCF7-0B7C-49F3-9147-01F4042E6842,E0FC1A31D9CC8048B2A43D033A96A512)
42:123  0:013  Choosing theme MavsStyle
42:129  0:006  after NVRAM boot-args=busratio=32 npci=0x2000 dart=0 UseKernelCache=No darkwake=8
42:139  0:009  === [ AddCustomEntries ] ==================================
42:377  0:238  Custom entry 0 Title:"Windows 10" Path:"\EFI\Microsoft\Boot\bootmgfw.efi" Options:"-s -h" Type:7 Flags:0x0 matching Volume:"EB149B62-A5A0-45D8-BE9A-25D8A15A74AE"
42:417  0:040      Checking volume "EFI" (PciRoot(0x0)\Pci(0x14,0x0)\USB(0x4,0x0)\HD(1,GPT,61B8E1A0-FF69-48D4-9151-8DCE006F149A,0x28,0x64000)) ... skipped because media is ignored
42:430  0:013      Checking volume "Install macOS High Sierra" (PciRoot(0x0)\Pci(0x14,0x0)\USB(0x4,0x0)\HD(2,GPT,303DAC23-47DE-4729-B0B8-1BF2C1C2595C,0x64028,0x3AFBFB0)) ... skipped because media is ignored
42:446  0:016      Checking volume "EFI" (PciRoot(0x0)\Pci(0x17,0x0)\Sata(0x1,0xFFFF,0x0)\HD(1,GPT,F744B136-8BC1-4530-8A32-868158EA1BE7,0x28,0x64000)) ... skipped
42:459  0:013      Checking volume "Windows NAS" (PciRoot(0x0)\Pci(0x17,0x0)\Sata(0x3,0xFFFF,0x0)\HD(1,GPT,A62CAFB7-E857-4143-BC0B-FBF116DD6278,0x40800,0x1105A7000)) ... skipped
42:472  0:013      Checking volume "iMac NAS" (PciRoot(0x0)\Pci(0x17,0x0)\Sata(0x3,0xFFFF,0x0)\HD(2,GPT,75C536B2-D112-481A-9A27-BE206F4DBDC5,0x1105E7800,0x135CE5800)) ... skipped
42:488  0:016      Checking volume "System Reserved" (PciRoot(0x0)\Pci(0x17,0x0)\Sata(0x5,0xFFFF,0x0)\HD(1,MBR,0xFD2D81AA,0x800,0x32000)) ... skipped
42:501  0:013      Checking volume "Windows 10" (PciRoot(0x0)\Pci(0x17,0x0)\Sata(0x5,0xFFFF,0x0)\HD(2,MBR,0xFD2D81AA,0x32800,0xDE80800)) ... skipped
42:515  0:013      Checking volume "" (PciRoot(0x0)\Pci(0x17,0x0)\Sata(0x5,0xFFFF,0x0)\HD(3,MBR,0xFD2D81AA,0xDEB3000,0xE1000)) ... skipped
42:531  0:016      Checking volume "Preboot" (PciRoot(0x0)\Pci(0x17,0x0)\Sata(0x1,0xFFFF,0x0)\HD(2,GPT,461FC3BD-E759-4606-956D-9C904052458E,0x64028,0x37DDF660)\VenMedia(BE74FCF7-0B7C-49F3-9147-01F4042E6842,76ED88B55122F44FAF99C34C56FF9DDE)) ... skipped
42:544  0:013      Checking volume "macOS" (PciRoot(0x0)\Pci(0x17,0x0)\Sata(0x1,0xFFFF,0x0)\HD(2,GPT,461FC3BD-E759-4606-956D-9C904052458E,0x64028,0x37DDF660)\VenMedia(BE74FCF7-0B7C-49F3-9147-01F4042E6842,417BC2570D668340A00739E8B796EDFA)) ... skipped
42:560  0:015      Checking volume "Recovery" (PciRoot(0x0)\Pci(0x17,0x0)\Sata(0x1,0xFFFF,0x0)\HD(2,GPT,461FC3BD-E759-4606-956D-9C904052458E,0x64028,0x37DDF660)\VenMedia(BE74FCF7-0B7C-49F3-9147-01F4042E6842,384E2131DD48F4468CC2C84CA58BF2FD)) ... skipped
42:573  0:013      Checking volume "VM" (PciRoot(0x0)\Pci(0x17,0x0)\Sata(0x1,0xFFFF,0x0)\HD(2,GPT,461FC3BD-E759-4606-956D-9C904052458E,0x64028,0x37DDF660)\VenMedia(BE74FCF7-0B7C-49F3-9147-01F4042E6842,E0FC1A31D9CC8048B2A43D033A96A512)) ... skipped
42:589  0:016  Custom entry 1 Title:"macOS" Path:"\System\Library\CoreServices\boot.efi" Type:1 Flags:0xA matching Volume:"57C27B41-660D-4083-A007-39E8B796EDFA"
42:622  0:033      Checking volume "EFI" (PciRoot(0x0)\Pci(0x14,0x0)\USB(0x4,0x0)\HD(1,GPT,61B8E1A0-FF69-48D4-9151-8DCE006F149A,0x28,0x64000)) ... skipped because media is ignored
42:635  0:012      Checking volume "Install macOS High Sierra" (PciRoot(0x0)\Pci(0x14,0x0)\USB(0x4,0x0)\HD(2,GPT,303DAC23-47DE-4729-B0B8-1BF2C1C2595C,0x64028,0x3AFBFB0)) ... skipped because media is ignored
42:652  0:016      Checking volume "EFI" (PciRoot(0x0)\Pci(0x17,0x0)\Sata(0x1,0xFFFF,0x0)\HD(1,GPT,F744B136-8BC1-4530-8A32-868158EA1BE7,0x28,0x64000)) ... skipped
42:665  0:013      Checking volume "Windows NAS" (PciRoot(0x0)\Pci(0x17,0x0)\Sata(0x3,0xFFFF,0x0)\HD(1,GPT,A62CAFB7-E857-4143-BC0B-FBF116DD6278,0x40800,0x1105A7000)) ... skipped
42:678  0:013      Checking volume "iMac NAS" (PciRoot(0x0)\Pci(0x17,0x0)\Sata(0x3,0xFFFF,0x0)\HD(2,GPT,75C536B2-D112-481A-9A27-BE206F4DBDC5,0x1105E7800,0x135CE5800)) ... skipped
42:694  0:016      Checking volume "System Reserved" (PciRoot(0x0)\Pci(0x17,0x0)\Sata(0x5,0xFFFF,0x0)\HD(1,MBR,0xFD2D81AA,0x800,0x32000)) ... skipped
42:707  0:013      Checking volume "Windows 10" (PciRoot(0x0)\Pci(0x17,0x0)\Sata(0x5,0xFFFF,0x0)\HD(2,MBR,0xFD2D81AA,0x32800,0xDE80800)) ... skipped
42:721  0:013      Checking volume "" (PciRoot(0x0)\Pci(0x17,0x0)\Sata(0x5,0xFFFF,0x0)\HD(3,MBR,0xFD2D81AA,0xDEB3000,0xE1000)) ... skipped
42:737  0:016      Checking volume "Preboot" (PciRoot(0x0)\Pci(0x17,0x0)\Sata(0x1,0xFFFF,0x0)\HD(2,GPT,461FC3BD-E759-4606-956D-9C904052458E,0x64028,0x37DDF660)\VenMedia(BE74FCF7-0B7C-49F3-9147-01F4042E6842,76ED88B55122F44FAF99C34C56FF9DDE)) ... skipped
42:751  0:013      Checking volume "macOS" (PciRoot(0x0)\Pci(0x17,0x0)\Sata(0x1,0xFFFF,0x0)\HD(2,GPT,461FC3BD-E759-4606-956D-9C904052458E,0x64028,0x37DDF660)\VenMedia(BE74FCF7-0B7C-49F3-9147-01F4042E6842,417BC2570D668340A00739E8B796EDFA)) ... skipped
42:767  0:016      Checking volume "Recovery" (PciRoot(0x0)\Pci(0x17,0x0)\Sata(0x1,0xFFFF,0x0)\HD(2,GPT,461FC3BD-E759-4606-956D-9C904052458E,0x64028,0x37DDF660)\VenMedia(BE74FCF7-0B7C-49F3-9147-01F4042E6842,384E2131DD48F4468CC2C84CA58BF2FD)) ... skipped
42:781  0:013      Checking volume "VM" (PciRoot(0x0)\Pci(0x17,0x0)\Sata(0x1,0xFFFF,0x0)\HD(2,GPT,461FC3BD-E759-4606-956D-9C904052458E,0x64028,0x37DDF660)\VenMedia(BE74FCF7-0B7C-49F3-9147-01F4042E6842,E0FC1A31D9CC8048B2A43D033A96A512)) ... skipped
42:797  0:016  === [ ScanLoader ] ========================================
43:075  0:278  - [01]: 'EFI'
43:109  0:033  - [02]: 'Install macOS High Sierra'
43:144  0:034  - [06]: 'EFI'
43:197  0:053  - [08]: 'Windows NAS'
43:232  0:034  - [09]: 'iMac NAS'
43:267  0:035  - [10]: 'System Reserved'
43:301  0:034  - [11]: 'Windows 10'
43:336  0:034  - [12]: ''
43:370  0:034  - [13]: 'Preboot'
43:407  0:036          AddLoaderEntry for Volume Name=Preboot
43:426  0:018      hibernated: set as never
43:445  0:018          AddLoaderEntry for Volume Name=Preboot
43:498  0:052  - [14]: 'macOS'
43:545  0:047          AddLoaderEntry for Volume Name=macOS
43:571  0:025      hibernated: set as never
43:632  0:061  - [15]: 'Recovery'
43:665  0:033          AddLoaderEntry for Volume Name=Recovery
43:725  0:060  - [16]: 'VM'
43:760  0:034  Scanning legacy ...
43:768  0:008   8: 'Windows NAS' (vista,win) add legacy
43:782  0:014   added 'Boot Windows from Windows NAS' OSType=2 Icon=vista,win
43:792  0:009  10: 'System Reserved' (vista,win) add legacy
43:807  0:014   added 'Boot Windows from System Reserved' OSType=2 Icon=vista,win
43:813  0:006  11: 'Windows 10' (vista,win) add legacy
43:828  0:014   added 'Boot Windows from Windows 10' OSType=2 Icon=vista,win
43:835  0:007  12: '' (vista,win) add legacy
43:849  0:014   added 'Boot Windows from ' OSType=2 Icon=vista,win
43:855  0:006  === [ AddCustomTool ] =====================================
44:114  0:258  EmuVariable InstallEmulation: orig vars copied, emu.var.services installed, CreateEvent VirtualAddressChange = Success, CreateEvent ExitBootServices = Success, set Status=Success
44:190  0:076  === [ GetEfiBootDeviceFromNvram ] =========================
44:351  0:160   - found entry 2. 'Boot macOS from macOS', Volume 'macOS', DevicePath 'PciRoot(0x0)\Pci(0x17,0x0)\Sata(0x1,0xFFFF,0x0)\HD(2,GPT,461FC3BD-E759-4606-956D-9C904052458E,0x64028,0x37DDF660)\VenMedia(BE74FCF7-0B7C-49F3-9147-01F4042E6842,417BC2570D668340A00739E8B796EDFA)\System\Library\CoreServices\boot.efii'
44:360  0:009  EmuVariable UninstallEmulation: CloseEvent = Success, original var services restored
44:378  0:018  DefaultIndex=2 and MainMenu.EntryCount=12
52:847  8:469  Found UEFI Acpi 2.0 RSDP at 8EE70000
52:870  0:022  Saving ACPI tables from RSDP 8EE70000 to EFI\CLOVER\ACPI\origin ...
52:876  0:006   8EE70000: 'RSD PTR ', Rev: 2 (Acpi 2.0 or newer), Len: 36 -> RSDP.aml
52:924  0:047    (Xsdt: 8EE700A8, Rsdt: 8EE70028)
52:931  0:006    8EE700A8: 'XSDT', 'A M I', Rev: 1, Len: 204 -> XSDT.aml
52:975  0:044    8EE70028: 'RSDT', 'A M I', Rev: 1, Len: 120 -> RSDT.aml
53:016  0:040    Tables in Xsdt: 21
53:023  0:006    0. 8EEB15F8: 'FACP', 'A M I', Rev: 6, Len: 276 -> FACP.aml
53:065  0:041        (Dsdt: 8EE70208, Facs: 8EF3D080, XDsdt: 8EE70208, XFacs: 0)
53:084  0:019        8EE70208: 'DSDT', 'A M I', Rev: 2, Len: 267247 -> DSDT.aml
53:145  0:060        8EF3D080: 'FACS', Ver: 2, Len: 64 -> FACS.aml
53:178  0:033    1. 8EEB1710: 'APIC', 'A M I', Rev: 4, Len: 244 -> APIC.aml
53:224  0:045    2. 8EEB1808: 'FPDT', 'A M I', Rev: 1, Len: 68 -> FPDT.aml
53:265  0:040    3. 8EEB1850: 'FIDT', 'A M I', Rev: 1, Len: 156 -> FIDT.aml
53:349  0:083    4. 8EEB18F0: 'MCFG', 'A M I', Rev: 1, Len: 60 -> MCFG.aml
53:390  0:040    5. 8EEB1930: 'SSDT', 'SataTabl', Rev: 1, Len: 888 -> SSDT-0-SataTabl.aml
53:431  0:041    6. 8EEB1CA8: 'SSDT', 'CpuSsdt', Rev: 2, Len: 6101 -> SSDT-1-CpuSsdt.aml (Found hidden SSDT 7 pcs)
53:476  0:045        * 8E97C298: 'SSDT', 'Cpu0Ist', Rev: 2, Len: 1800  53 53 44 54 08 07 00 00 02 63 50 6D 52 65 66 00 Internal length = 1800 -> SSDT-x1_0-Cpu0Ist.aml
53:625  0:148        * 8E972018: 'SSDT', 'ApIst', Rev: 2, Len: 3825  53 53 44 54 F1 0E 00 00 02 ED 50 6D 52 65 66 00 Internal length = 3825 -> SSDT-x1_1-ApIst.aml
53:771  0:146        * 8E971018: 'SSDT', 'Cpu0Cst', Rev: 2, Len: 1024  53 53 44 54 00 04 00 00 02 D9 50 6D 52 65 66 00 Internal length = 1024 -> SSDT-x1_2-Cpu0Cst.aml
53:917  0:145        * 8E979C18: 'SSDT', 'ApCst', Rev: 2, Len: 778  53 53 44 54 0A 03 00 00 02 E9 50 6D 52 65 66 00 Internal length = 778 -> SSDT-x1_3-ApCst.aml
54:066  0:148        * 8E979018: 'SSDT', 'Cpu0Hwp', Rev: 2, Len: 266  53 53 44 54 0A 01 00 00 02 9F 50 6D 52 65 66 00 Internal length = 266 -> SSDT-x1_4-Cpu0Hwp.aml
54:214  0:148        * 8E971698: 'SSDT', 'ApHwp', Rev: 2, Len: 791  53 53 44 54 17 03 00 00 02 E3 50 6D 52 65 66 00 Internal length = 791 -> SSDT-x1_5-ApHwp.aml
54:361  0:147        * 8E979198: 'SSDT', 'HwpLvt', Rev: 2, Len: 1828  53 53 44 54 24 07 00 00 02 CA 50 6D 52 65 66 00 Internal length = 1828 -> SSDT-x1_6-HwpLvt.aml
54:511  0:149  
54:518  0:007    7. 8EEB3480: 'SSDT', 'SaSsdt', Rev: 2, Len: 12743 -> SSDT-2-SaSsdt.aml
54:558  0:040    8. 8EEB6648: 'SSDT', 'PegSsdt', Rev: 2, Len: 8104 -> SSDT-3-PegSsdt.aml
54:599  0:040    9. 8EEB85F0: 'HPET', 'A M I', Rev: 1, Len: 56 -> HPET.aml
54:640  0:040    10. 8EEB8628: 'SSDT', 'Ther_Rvp', Rev: 2, Len: 3998 -> SSDT-4-Ther_Rvp.aml
54:685  0:045    11. 8EEB95C8: 'SSDT', 'xh_cfsd4', Rev: 2, Len: 10576 -> SSDT-5-xh_cfsd4.aml
54:731  0:046    12. 8EEBBF18: 'UEFI', 'A M I', Rev: 1, Len: 72 -> UEFI.aml
54:773  0:041    13. 8EEBBF60: 'LPIT', 'A M I', Rev: 1, Len: 92 -> LPIT.aml
54:814  0:040    14. 8EEBBFC0: 'SSDT', 'PtidDevc', Rev: 2, Len: 10206 -> SSDT-6-PtidDevc.aml
54:856  0:042    15. 8EEBE7A0: 'SSDT', 'TbtTypeC', Rev: 2, Len: 4094 -> SSDT-7-TbtTypeC.aml
54:896  0:040    16. 8EEBF7A0: 'DBGP', 'A M I', Rev: 1, Len: 52 -> DBGP.aml
54:938  0:041    17. 8EEBF7D8: 'DBG2', 'A M I', Rev: 0, Len: 84 -> DBG2.aml
54:983  0:045    18. 8EEBF830: 'SSDT', 'UsbCTabl', Rev: 2, Len: 6449 -> SSDT-8-UsbCTabl.aml
55:027  0:044    19. 8EEC1168: 'BGRT', 'A M I', Rev: 1, Len: 56 -> BGRT.aml
55:068  0:040    20. 8EEC11A0: 'WSMT', 'A M I', Rev: 1, Len: 40 -> WSMT.aml
55:109  0:040    Tables in Rsdt: 21
55:115  0:006    0. 8EE70180: 'FACP', 'A M I', Rev: 2, Len: 132 -> RSDT-FACP.aml
55:156  0:040        (Dsdt: 8EE70208, Facs: 8EF3D040)
55:169  0:013        8EE70208: 'DSDT', 'A M I', Rev: 2, Len: 267247
55:192  0:023        8EF3D040: 'FACS', Ver: 0, Len: 64 -> RSDT-FACS.aml
55:229  0:036    1. 8EEB1710: 'APIC', 'A M I', Rev: 4, Len: 244
55:249  0:020    2. 8EEB1808: 'FPDT', 'A M I', Rev: 1, Len: 68
55:268  0:019    3. 8EEB1850: 'FIDT', 'A M I', Rev: 1, Len: 156
55:289  0:020    4. 8EEB18F0: 'MCFG', 'A M I', Rev: 1, Len: 60
55:309  0:020    5. 8EEB1930: 'SSDT', 'SataTabl', Rev: 1, Len: 888
55:328  0:019    6. 8EEB1CA8: 'SSDT', 'CpuSsdt', Rev: 2, Len: 6101
55:348  0:020    7. 8EEB3480: 'SSDT', 'SaSsdt', Rev: 2, Len: 12743
55:371  0:023    8. 8EEB6648: 'SSDT', 'PegSsdt', Rev: 2, Len: 8104
55:391  0:019    9. 8EEB85F0: 'HPET', 'A M I', Rev: 1, Len: 56
55:411  0:020    10. 8EEB8628: 'SSDT', 'Ther_Rvp', Rev: 2, Len: 3998
55:431  0:020    11. 8EEB95C8: 'SSDT', 'xh_cfsd4', Rev: 2, Len: 10576
55:451  0:019    12. 8EEBBF18: 'UEFI', 'A M I', Rev: 1, Len: 72
55:470  0:019    13. 8EEBBF60: 'LPIT', 'A M I', Rev: 1, Len: 92
55:490  0:020    14. 8EEBBFC0: 'SSDT', 'PtidDevc', Rev: 2, Len: 10206
55:510  0:019    15. 8EEBE7A0: 'SSDT', 'TbtTypeC', Rev: 2, Len: 4094
55:532  0:022    16. 8EEBF7A0: 'DBGP', 'A M I', Rev: 1, Len: 52
55:552  0:020    17. 8EEBF7D8: 'DBG2', 'A M I', Rev: 0, Len: 84
55:572  0:019    18. 8EEBF830: 'SSDT', 'UsbCTabl', Rev: 2, Len: 6449
55:592  0:020    19. 8EEC1168: 'BGRT', 'A M I', Rev: 1, Len: 56
55:612  0:020    20. 8EEC11A0: 'WSMT', 'A M I', Rev: 1, Len: 40
55:631  0:019  Found UEFI Acpi 1.0 RSDP at 8EE70000
55:638  0:007  Printing ACPI tables from RSDP 8EE70000 ...
55:645  0:006   8EE70000: 'RSD PTR ', Rev: 2 (Acpi 2.0 or newer), Len: 36
55:675  0:029    (Xsdt: 8EE700A8, Rsdt: 8EE70028)
55:681  0:006    8EE700A8: 'XSDT', 'A M I', Rev: 1, Len: 204
55:701  0:020    8EE70028: 'RSDT', 'A M I', Rev: 1, Len: 120
55:721  0:019    Tables in Xsdt: 21
55:727  0:006    0. 8EEB15F8: 'FACP', 'A M I', Rev: 6, Len: 276
55:747  0:019        (Dsdt: 8EE70208, Facs: 8EF3D080, XDsdt: 8EE70208, XFacs: 0)
55:767  0:020        8EE70208: 'DSDT', 'A M I', Rev: 2, Len: 267247
55:790  0:023        8EF3D080: 'FACS', Ver: 2, Len: 64
55:806  0:015    1. 8EEB1710: 'APIC', 'A M I', Rev: 4, Len: 244
55:826  0:020    2. 8EEB1808: 'FPDT', 'A M I', Rev: 1, Len: 68
55:846  0:019    3. 8EEB1850: 'FIDT', 'A M I', Rev: 1, Len: 156
55:866  0:020    4. 8EEB18F0: 'MCFG', 'A M I', Rev: 1, Len: 60
55:886  0:020    5. 8EEB1930: 'SSDT', 'SataTabl', Rev: 1, Len: 888
55:905  0:019    6. 8EEB1CA8: 'SSDT', 'CpuSsdt', Rev: 2, Len: 6101
55:925  0:020    7. 8EEB3480: 'SSDT', 'SaSsdt', Rev: 2, Len: 12743
55:945  0:020    8. 8EEB6648: 'SSDT', 'PegSsdt', Rev: 2, Len: 8104
55:968  0:022    9. 8EEB85F0: 'HPET', 'A M I', Rev: 1, Len: 56
55:988  0:020    10. 8EEB8628: 'SSDT', 'Ther_Rvp', Rev: 2, Len: 3998
56:008  0:019    11. 8EEB95C8: 'SSDT', 'xh_cfsd4', Rev: 2, Len: 10576
56:027  0:019    12. 8EEBBF18: 'UEFI', 'A M I', Rev: 1, Len: 72
56:047  0:020    13. 8EEBBF60: 'LPIT', 'A M I', Rev: 1, Len: 92
56:067  0:020    14. 8EEBBFC0: 'SSDT', 'PtidDevc', Rev: 2, Len: 10206
56:087  0:019    15. 8EEBE7A0: 'SSDT', 'TbtTypeC', Rev: 2, Len: 4094
56:110  0:023    16. 8EEBF7A0: 'DBGP', 'A M I', Rev: 1, Len: 52
56:130  0:020    17. 8EEBF7D8: 'DBG2', 'A M I', Rev: 0, Len: 84
56:150  0:019    18. 8EEBF830: 'SSDT', 'UsbCTabl', Rev: 2, Len: 6449
56:170  0:020    19. 8EEC1168: 'BGRT', 'A M I', Rev: 1, Len: 56
56:190  0:020    20. 8EEC11A0: 'WSMT', 'A M I', Rev: 1, Len: 40
56:209  0:019    Tables in Rsdt: 21
56:217  0:007    0. 8EE70180: 'FACP', 'A M I', Rev: 2, Len: 132
56:236  0:019        (Dsdt: 8EE70208, Facs: 8EF3D040)
56:249  0:013        8EE70208: 'DSDT', 'A M I', Rev: 2, Len: 267247
56:275  0:026        8EF3D040: 'FACS', Ver: 0, Len: 64
56:288  0:013    1. 8EEB1710: 'APIC', 'A M I', Rev: 4, Len: 244
56:308  0:020    2. 8EEB1808: 'FPDT', 'A M I', Rev: 1, Len: 68
56:328  0:019    3. 8EEB1850: 'FIDT', 'A M I', Rev: 1, Len: 156
56:348  0:020    4. 8EEB18F0: 'MCFG', 'A M I', Rev: 1, Len: 60
56:368  0:020    5. 8EEB1930: 'SSDT', 'SataTabl', Rev: 1, Len: 888
56:387  0:019    6. 8EEB1CA8: 'SSDT', 'CpuSsdt', Rev: 2, Len: 6101
56:407  0:020    7. 8EEB3480: 'SSDT', 'SaSsdt', Rev: 2, Len: 12743
56:432  0:024    8. 8EEB6648: 'SSDT', 'PegSsdt', Rev: 2, Len: 8104
56:451  0:019    9. 8EEB85F0: 'HPET', 'A M I', Rev: 1, Len: 56
56:472  0:020    10. 8EEB8628: 'SSDT', 'Ther_Rvp', Rev: 2, Len: 3998
56:492  0:020    11. 8EEB95C8: 'SSDT', 'xh_cfsd4', Rev: 2, Len: 10576
56:511  0:019    12. 8EEBBF18: 'UEFI', 'A M I', Rev: 1, Len: 72
56:531  0:020    13. 8EEBBF60: 'LPIT', 'A M I', Rev: 1, Len: 92
56:551  0:020    14. 8EEBBFC0: 'SSDT', 'PtidDevc', Rev: 2, Len: 10206
56:574  0:022    15. 8EEBE7A0: 'SSDT', 'TbtTypeC', Rev: 2, Len: 4094
56:594  0:020    16. 8EEBF7A0: 'DBGP', 'A M I', Rev: 1, Len: 52
56:614  0:020    17. 8EEBF7D8: 'DBG2', 'A M I', Rev: 0, Len: 84
56:634  0:019    18. 8EEBF830: 'SSDT', 'UsbCTabl', Rev: 2, Len: 6449
56:654  0:020    19. 8EEC1168: 'BGRT', 'A M I', Rev: 1, Len: 56
56:674  0:020    20. 8EEC11A0: 'WSMT', 'A M I', Rev: 1, Len: 40
66:236  9:562  === [ FixBiosDsdt ] =======================================
66:508  0:271  VideoCard devID=0x1B8110DE
66:517  0:009  DisplayADR1[0] = 0x10000, DisplayADR2[0] = 0x0
66:552  0:034  USBADR[0] = 0x140000 and PCIe = 0xFFFE
67:652  1:099  Audio HDA (addr:0x1F0003) setting specified layout-id=1 (0x1)
67:674  0:022  Patching DSDT:
67:681  0:006   - [change EHC1 to EH01]: pattern 45484331, bin not found / already patched!
67:701  0:020   - [change EHC2 to EH02]: pattern 45484332, bin not found / already patched!
67:721  0:019   - [change GFX0 to IGPU]: pattern 47465830, patched at: [ (51) (E) (12) (12) (12) (5E) (12) (77) (12) (633) (12) (39AB) (627F) (AEB8) (1B) (3A87) (14) (11526) (1B84) (13B40) ]
67:882  0:161  first CPU found at 9EE1 offset 9EE4
67:889  0:006  score candidate at 9EDD
67:895  0:006  score inserted in acpi_cpu_score _SB_
67:902  0:007  Found ACPI CPU: PR00 | PR01 | PR02 | PR03 | PR04 | PR05 | PR06 | PR07 | PR08 | PR09 | PR10 | PR11 | PR12 | PR13 | PR14 | PR15 , within the score: _SB_
68:015  0:112  Found PCIROOTUID = 0
68:022  0:006  Start NetWork Fix
68:030  0:008  NetworkADR1=1F0006 NetworkADR2=FFFE
68:040  0:009  network DSM created, size=4D
68:047  0:006  Start SHUTDOWN Fix len=4143E
68:071  0:024  DSDT saved to EFI\CLOVER\ACPI\origin\DSDT-102004.aml
184:293  116:221  Boot option Boot0000 not found
184:316  0:022  === [ StartLoader ] =======================================
184:586  0:270  Finally: ExternalClock=24MHz BusSpeed=99763kHz CPUFreq=4600MHz PIS: hw.busfrequency=96000000Hz
184:599  0:013  Loading boot.efi  status=Success
184:705  0:105  GetOSVersion: 10.13.4 (17E199)
184:723  0:017  CSR_CFG: CSR_ALLOW_UNTRUSTED_KEXTS | CSR_ALLOW_UNRESTRICTED_FS | CSR_ALLOW_TASK_FOR_PID | CSR_ALLOW_UNRESTRICTED_DTRACE | CSR_ALLOW_UNRESTRICTED_NVRAM
184:730  0:006  Filtering KextPatches:
184:736  0:006   - [00]: AppleAHCIPort (External icons patch) :: BinPatch :: [OS: 10.13.4 | MatchOS: All | MatchBuild: All] ==> allowed
184:749  0:013   - [01]: com.apple.driver.usb.AppleUSBXHCIPCI (change 15 port limit to 26 in 10.13 XHCI kext) :: BinPatch :: [OS: 10.13.4 | MatchOS: 10.13.x | MatchBuild: All] ==> allowed
184:770  0:020   - [02]: AppleHDA (10.12-AppleHDA/Realtek ALC...) :: BinPatch :: [OS: 10.13.4 | MatchOS: All | MatchBuild: All] ==> allowed
184:786  0:016   - [03]: AppleHDA (10.9-10.12-AppleHDA/Realtek ALC892) :: BinPatch :: [OS: 10.13.4 | MatchOS: All | MatchBuild: All] ==> allowed
184:802  0:016   - [04]: AppleHDA (AppleHDA/Resources/xml>zml) :: BinPatch :: [OS: 10.13.4 | MatchOS: All | MatchBuild: All] ==> allowed
184:818  0:016   - [05]: AppleHDAController (200_Series-X299_ Audio_Controller) :: BinPatch :: [OS: 10.13.4 | MatchOS: All | MatchBuild: All] ==> allowed
184:838  0:019   - [06]: com.apple.iokit.IOAHCIBlockStorage (Enable TRIM for SSD) :: BinPatch :: [OS: 10.13.4 | MatchOS: All | MatchBuild: All] ==> disabled by user
184:855  0:016  Will not patch boot.efi
184:863  0:008  EmuVariable InstallEmulation: orig vars copied, emu.var.services installed, CreateEvent VirtualAddressChange = Success, CreateEvent ExitBootServices = Success, set Status=Success
184:950  0:087  === [ PatchSmbios ] =======================================
185:256  0:306  insert table 9 for dev 0:0
185:264  0:007  insert table 9 for dev 0:1
185:271  0:007  insert table 9 for dev 1F:6
185:279  0:008  Channels: 2
185:287  0:007  Interleave: 0 2 1 3 4 6 5 7 8 10 9 11 12 14 13 15 16 18 17 19 20 22 21 23
185:481  0:194  SMBIOS Type 17 Index = 0 => 0 0:
185:489  0:007  BANK 0 DIMM0 EMPTY
185:496  0:007  SMBIOS Type 17 Index = 1 => 2 2:
185:504  0:007  BANK 1 DIMM0 EMPTY
185:514  0:010  SMBIOS Type 17 Index = 2 => 1 1:
185:522  0:007  BANK 0 DIMM1 2667MHz 8192MB
185:529  0:007  SMBIOS Type 17 Index = 3 => 3 3:
185:536  0:007  BANK 1 DIMM1 2667MHz 8192MB
185:544  0:007  mTotalSystemMemory = 16384
185:551  0:007  NumberOfMemoryDevices = 4
185:559  0:007  Type20[0]->End = 0x7FFFFF, Type17[2] = 0x2000
185:566  0:007  Type20[1]->End = 0xFFFFFF, Type17[3] = 0x6000
185:574  0:007  Table 131 is present, CPUType=35
185:581  0:007  Change to: 705
185:588  0:007  === [ PatchACPI ] =========================================
185:914  0:325  Xsdt reallocation done
185:921  0:007  old FADT length=114
185:929  0:007   SignatureFixup: 0xED1D346F -> 0
185:939  0:010  Apply DsdtFixMask=0x00102004
185:946  0:007     drop _DSM mask=0xFFFF
185:953  0:007  === [ FixBiosDsdt ] =======================================
186:260  0:306  VideoCard devID=0x1B8110DE
186:267  0:007  DisplayADR1[0] = 0x10000, DisplayADR2[0] = 0x0
186:275  0:007  USBADR[0] = 0x140000 and PCIe = 0xFFFE
187:375  1:100  Audio HDA (addr:0x1F0003) setting specified layout-id=1 (0x1)
187:401  0:026  Patching DSDT:
187:409  0:007   - [change EHC1 to EH01]: pattern 45484331, bin not found / already patched!
187:431  0:022   - [change EHC2 to EH02]: pattern 45484332, bin not found / already patched!
187:454  0:022   - [change GFX0 to IGPU]: pattern 47465830, patched at: [ (51) (E) (12) (12) (12) (5E) (12) (77) (12) (633) (12) (39AB) (627F) (AEB8) (1B) (3A87) (14) (11526) (1B84) (13B40) ]
187:634  0:180  first CPU found at 9EE1 offset 9EE4
187:645  0:010  score candidate at 9EDD
187:653  0:007  score inserted in acpi_cpu_score _SB_
187:660  0:007  Found ACPI CPU: PR00 | PR01 | PR02 | PR03 | PR04 | PR05 | PR06 | PR07 | PR08 | PR09 | PR10 | PR11 | PR12 | PR13 | PR14 | PR15 , within the score: _SB_
187:787  0:126  Found PCIROOTUID = 0
187:795  0:007  Start NetWork Fix
187:803  0:008  NetworkADR1=1F0006 NetworkADR2=FFFE
187:811  0:007  network DSM created, size=4D
187:819  0:007  Start SHUTDOWN Fix len=4143E
187:826  0:007  PreCleanup XSDT: count=21, length=204
187:837  0:010  PreCleanup XSDT, corrected XSDT: count=21, length=204
187:844  0:007  === [ ACPIDropTables ] ====================================
188:129  0:285  === [ PatchAllSSDT ] ======================================
188:429  0:299  Patch table: SSDT  SataTabl len=0x378
188:436  0:007  0. [change EHC1 to EH01]: pattern 45484331, bin not found / already patched!
188:458  0:022  1. [change EHC2 to EH02]: pattern 45484332, bin not found / already patched!
188:483  0:025  2. [change GFX0 to IGPU]: pattern 47465830, bin not found / already patched!
188:506  0:022  Patch table: SSDT  CpuSsdt len=0x17D5
188:513  0:007  0. [change EHC1 to EH01]: pattern 45484331, bin not found / already patched!
188:535  0:022  1. [change EHC2 to EH02]: pattern 45484332, bin not found / already patched!
188:558  0:022  2. [change GFX0 to IGPU]: pattern 47465830, bin not found / already patched!
188:581  0:022  Patch table: SSDT  SaSsdt  len=0x31C7
188:588  0:007  0. [change EHC1 to EH01]: pattern 45484331, bin not found / already patched!
188:614  0:026  1. [change EHC2 to EH02]: pattern 45484332, bin not found / already patched!
188:637  0:022  2. [change GFX0 to IGPU]: pattern 47465830, patched at: [ (2D) (3A) (46) (2C1) (1C9B) (A3A) (1D) (6AF) ]
188:726  0:089  Patch table: SSDT  PegSsdt len=0x1FA8
188:734  0:007  0. [change EHC1 to EH01]: pattern 45484331, bin not found / already patched!
188:756  0:022  1. [change EHC2 to EH02]: pattern 45484332, bin not found / already patched!
188:782  0:025  2. [change GFX0 to IGPU]: pattern 47465830, bin not found / already patched!
188:804  0:022  Patch table: SSDT  Ther_Rvp len=0xF9E
188:811  0:007  0. [change EHC1 to EH01]: pattern 45484331, bin not found / already patched!
188:833  0:022  1. [change EHC2 to EH02]: pattern 45484332, bin not found / already patched!
188:856  0:022  2. [change GFX0 to IGPU]: pattern 47465830, bin not found / already patched!
188:878  0:022  Patch table: SSDT  xh_cfsd4 len=0x2950
188:886  0:007  0. [change EHC1 to EH01]: pattern 45484331, bin not found / already patched!
188:912  0:025  1. [change EHC2 to EH02]: pattern 45484332, bin not found / already patched!
188:935  0:022  2. [change GFX0 to IGPU]: pattern 47465830, bin not found / already patched!
188:957  0:022  Patch table: SSDT  PtidDevc len=0x27DE
188:965  0:007  0. [change EHC1 to EH01]: pattern 45484331, bin not found / already patched!
188:988  0:022  1. [change EHC2 to EH02]: pattern 45484332, bin not found / already patched!
189:013  0:024  2. [change GFX0 to IGPU]: pattern 47465830, bin not found / already patched!
189:035  0:022  Patch table: SSDT  TbtTypeC len=0xFFE
189:043  0:007  0. [change EHC1 to EH01]: pattern 45484331, bin not found / already patched!
189:065  0:022  1. [change EHC2 to EH02]: pattern 45484332, bin not found / already patched!
189:087  0:022  2. [change GFX0 to IGPU]: pattern 47465830, bin not found / already patched!
189:109  0:022  Patch table: SSDT  UsbCTabl len=0x1931
189:117  0:007  0. [change EHC1 to EH01]: pattern 45484331, bin not found / already patched!
189:142  0:025  1. [change EHC2 to EH02]: pattern 45484332, bin not found / already patched!
189:164  0:022  2. [change GFX0 to IGPU]: pattern 47465830, bin not found / already patched!
189:186  0:022  === [ ACPIPatchedAML ] ====================================
189:503  0:316  Unsorted
189:510  0:007  Inserting ssdt.aml from EFI\CLOVER\ACPI\patched: size=2812 ... Success
189:534  0:023  CPUBase=0 and ApicCPUBase=1 ApicCPUNum=1
189:545  0:010  Cleanup XSDT: count=22, length=212
189:552  0:007  corrected XSDT count=22, length=212
189:560  0:007  === [ RestSetup macOS ] ===================================
189:838  0:278  NVidia GFX injection not set
189:846  0:007   RCBA disabled; cannot use it
189:853  0:007   setting specified layout-id=1 (0x1)
189:860  0:007  stringlength = 918
189:868  0:007  CurrentMode: Width=1920 Height=1080
189:875  0:007  Beginning FSInjection
189:883  0:007  Blocking kext caches
FSInjectionInstall ...
- Our FSI_SIMPLE_FILE_SYSTEM_PROTOCOL installed on handle: 8911B818
FSInjectionInstall ...
- Our FSI_SIMPLE_FILE_SYSTEM_PROTOCOL installed on handle: 8911B818
189:893  0:009  Use origin smbios table type 1 guid.
189:906  0:013  Preparing kexts injection for arch=x86_64 from EFI\CLOVER\kexts\Other
189:914  0:007  Extra kext: EFI\CLOVER\kexts\Other\VoodooHDA.kext
189:930  0:016  Extra kext: EFI\CLOVER\kexts\Other\IntelMausiEthernet.kext
189:944  0:013  Extra kext: EFI\CLOVER\kexts\Other\USBInjectAll.kext
190:135  0:190  Extra kext: EFI\CLOVER\kexts\Other\FakeSMC.kext
190:154  0:019  Preparing kexts injection for arch=x86_64 from EFI\CLOVER\kexts\10.13
190:161  0:007  Extra kext: EFI\CLOVER\kexts\10.13\VoodooHDA.kext
190:181  0:019  Extra kext: EFI\CLOVER\kexts\10.13\IntelMausiEthernet.kext
190:196  0:014  SetScreenResolution: 1920x1080 - already set
190:210  0:014  Custom boot is using theme logo
190:218  0:007  Closing log
